{
  "D:/dev/rsschool_react2023Q1/src/Pages/AboutUs/index.tsx": {
    "path": "D:/dev/rsschool_react2023Q1/src/Pages/AboutUs/index.tsx",
    "statementMap": {
      "0": {
        "start": {
          "line": 5,
          "column": 0
        },
        "end": {
          "line": 15,
          "column": 1
        }
      },
      "1": {
        "start": {
          "line": 6,
          "column": 2
        },
        "end": {
          "line": 8,
          "column": 3
        }
      },
      "2": {
        "start": {
          "line": 7,
          "column": 4
        },
        "end": {
          "line": 7,
          "column": 165
        }
      },
      "3": {
        "start": {
          "line": 9,
          "column": 2
        },
        "end": {
          "line": 9,
          "column": 39
        }
      },
      "4": {
        "start": {
          "line": 10,
          "column": 2
        },
        "end": {
          "line": 10,
          "column": 39
        }
      },
      "5": {
        "start": {
          "line": 11,
          "column": 2
        },
        "end": {
          "line": 13,
          "column": 4
        }
      },
      "6": {
        "start": {
          "line": 12,
          "column": 4
        },
        "end": {
          "line": 12,
          "column": 99
        }
      },
      "7": {
        "start": {
          "line": 14,
          "column": 2
        },
        "end": {
          "line": 14,
          "column": 75
        }
      },
      "8": {
        "start": {
          "line": 17,
          "column": 2
        },
        "end": {
          "line": 25,
          "column": 11
        }
      },
      "9": {
        "start": {
          "line": 27,
          "column": 0
        },
        "end": {
          "line": 27,
          "column": 13
        }
      },
      "10": {
        "start": {
          "line": 29,
          "column": 0
        },
        "end": {
          "line": 29,
          "column": 28
        }
      },
      "11": {
        "start": {
          "line": 30,
          "column": 0
        },
        "end": {
          "line": 46,
          "column": 1
        }
      },
      "12": {
        "start": {
          "line": 31,
          "column": 2
        },
        "end": {
          "line": 31,
          "column": 39
        }
      },
      "13": {
        "start": {
          "line": 32,
          "column": 2
        },
        "end": {
          "line": 32,
          "column": 39
        }
      },
      "14": {
        "start": {
          "line": 33,
          "column": 2
        },
        "end": {
          "line": 45,
          "column": 5
        }
      },
      "15": {
        "start": {
          "line": 37,
          "column": 4
        },
        "end": {
          "line": 37,
          "column": 125
        }
      },
      "16": {
        "start": {
          "line": 38,
          "column": 4
        },
        "end": {
          "line": 44,
          "column": 7
        }
      },
      "17": {
        "start": {
          "line": 39,
          "column": 6
        },
        "end": {
          "line": 40,
          "column": 15
        }
      },
      "18": {
        "start": {
          "line": 40,
          "column": 8
        },
        "end": {
          "line": 40,
          "column": 15
        }
      },
      "19": {
        "start": {
          "line": 41,
          "column": 32
        },
        "end": {
          "line": 41,
          "column": 115
        }
      },
      "20": {
        "start": {
          "line": 42,
          "column": 6
        },
        "end": {
          "line": 43,
          "column": 54
        }
      },
      "21": {
        "start": {
          "line": 43,
          "column": 8
        },
        "end": {
          "line": 43,
          "column": 54
        }
      }
    },
    "fnMap": {
      "0": {
        "name": "(anonymous_0)",
        "decl": {
          "start": {
            "line": 11,
            "column": 24
          },
          "end": {
            "line": 11,
            "column": 25
          }
        },
        "loc": {
          "start": {
            "line": 11,
            "column": 38
          },
          "end": {
            "line": 13,
            "column": 3
          }
        },
        "line": 11
      },
      "1": {
        "name": "AboutUs",
        "decl": {
          "start": {
            "line": 16,
            "column": 24
          },
          "end": {
            "line": 16,
            "column": 31
          }
        },
        "loc": {
          "start": {
            "line": 16,
            "column": 34
          },
          "end": {
            "line": 26,
            "column": 1
          }
        },
        "line": 16
      },
      "2": {
        "name": "(anonymous_2)",
        "decl": {
          "start": {
            "line": 36,
            "column": 9
          },
          "end": {
            "line": 36,
            "column": 10
          }
        },
        "loc": {
          "start": {
            "line": 36,
            "column": 29
          },
          "end": {
            "line": 45,
            "column": 3
          }
        },
        "line": 36
      },
      "3": {
        "name": "(anonymous_3)",
        "decl": {
          "start": {
            "line": 38,
            "column": 27
          },
          "end": {
            "line": 38,
            "column": 28
          }
        },
        "loc": {
          "start": {
            "line": 38,
            "column": 44
          },
          "end": {
            "line": 44,
            "column": 5
          }
        },
        "line": 38
      }
    },
    "branchMap": {
      "0": {
        "loc": {
          "start": {
            "line": 5,
            "column": 0
          },
          "end": {
            "line": 15,
            "column": 1
          }
        },
        "type": "if",
        "locations": [
          {
            "start": {
              "line": 5,
              "column": 0
            },
            "end": {
              "line": 15,
              "column": 1
            }
          },
          {
            "start": {},
            "end": {}
          }
        ],
        "line": 5
      },
      "1": {
        "loc": {
          "start": {
            "line": 6,
            "column": 2
          },
          "end": {
            "line": 8,
            "column": 3
          }
        },
        "type": "if",
        "locations": [
          {
            "start": {
              "line": 6,
              "column": 2
            },
            "end": {
              "line": 8,
              "column": 3
            }
          },
          {
            "start": {},
            "end": {}
          }
        ],
        "line": 6
      },
      "2": {
        "loc": {
          "start": {
            "line": 30,
            "column": 0
          },
          "end": {
            "line": 46,
            "column": 1
          }
        },
        "type": "if",
        "locations": [
          {
            "start": {
              "line": 30,
              "column": 0
            },
            "end": {
              "line": 46,
              "column": 1
            }
          },
          {
            "start": {},
            "end": {}
          }
        ],
        "line": 30
      },
      "3": {
        "loc": {
          "start": {
            "line": 39,
            "column": 6
          },
          "end": {
            "line": 40,
            "column": 15
          }
        },
        "type": "if",
        "locations": [
          {
            "start": {
              "line": 39,
              "column": 6
            },
            "end": {
              "line": 40,
              "column": 15
            }
          },
          {
            "start": {},
            "end": {}
          }
        ],
        "line": 39
      },
      "4": {
        "loc": {
          "start": {
            "line": 42,
            "column": 6
          },
          "end": {
            "line": 43,
            "column": 54
          }
        },
        "type": "if",
        "locations": [
          {
            "start": {
              "line": 42,
              "column": 6
            },
            "end": {
              "line": 43,
              "column": 54
            }
          },
          {
            "start": {},
            "end": {}
          }
        ],
        "line": 42
      }
    },
    "s": {
      "0": 28,
      "1": 28,
      "2": 0,
      "3": 28,
      "4": 28,
      "5": 28,
      "6": 28,
      "7": 28,
      "8": 3,
      "9": 28,
      "10": 28,
      "11": 28,
      "12": 28,
      "13": 28,
      "14": 28,
      "15": 7,
      "16": 7,
      "17": 0,
      "18": 0,
      "19": 0,
      "20": 0,
      "21": 0
    },
    "f": {
      "0": 28,
      "1": 3,
      "2": 7,
      "3": 0
    },
    "b": {
      "0": [
        28,
        0
      ],
      "1": [
        0,
        28
      ],
      "2": [
        28,
        0
      ],
      "3": [
        0,
        0
      ],
      "4": [
        0,
        0
      ]
    },
    "inputSourceMap": {
      "version": 3,
      "mappings": "AAKM;AALN,OAAOA,oBAAkB;AAAA;AAAA;AAAA;AAAA;AAAA;AAAA;AAAA;AAAA;AAAA;AAAA;AAAA;AAAA;AAAA;AAEzB,wBAAwBC,UAAU;AAChC,SACE,uBAAC,SAAI,WAAU,WACb,iCAAC,QAAG,wBAAJ;AAAA;AAAA;AAAA;AAAA,SAAY,KADd;AAAA;AAAA;AAAA;AAAA,SAEA;AAEJ;AAACC,KANuBD;AAAO;AAAAE",
      "names": [
        "React",
        "AboutUs",
        "_c",
        "$RefreshReg$"
      ],
      "sources": [
        "D:/dev/rsschool_react2023Q1/src/Pages/AboutUs/index.tsx"
      ],
      "file": "D:/dev/rsschool_react2023Q1/src/Pages/AboutUs/index.tsx"
    },
    "_coverageSchema": "1a1c01bbd47fc00a2c39e90264f33305004495a9",
    "hash": "a8b657d4784908a76c20f7494942d15815199385"
  },
  "D:/dev/rsschool_react2023Q1/src/components/FormCard/FormCard.tsx": {
    "path": "D:/dev/rsschool_react2023Q1/src/components/FormCard/FormCard.tsx",
    "statementMap": {
      "0": {
        "start": {
          "line": 5,
          "column": 0
        },
        "end": {
          "line": 15,
          "column": 1
        }
      },
      "1": {
        "start": {
          "line": 6,
          "column": 2
        },
        "end": {
          "line": 8,
          "column": 3
        }
      },
      "2": {
        "start": {
          "line": 7,
          "column": 4
        },
        "end": {
          "line": 7,
          "column": 165
        }
      },
      "3": {
        "start": {
          "line": 9,
          "column": 2
        },
        "end": {
          "line": 9,
          "column": 39
        }
      },
      "4": {
        "start": {
          "line": 10,
          "column": 2
        },
        "end": {
          "line": 10,
          "column": 39
        }
      },
      "5": {
        "start": {
          "line": 11,
          "column": 2
        },
        "end": {
          "line": 13,
          "column": 4
        }
      },
      "6": {
        "start": {
          "line": 12,
          "column": 4
        },
        "end": {
          "line": 12,
          "column": 108
        }
      },
      "7": {
        "start": {
          "line": 14,
          "column": 2
        },
        "end": {
          "line": 14,
          "column": 75
        }
      },
      "8": {
        "start": {
          "line": 17,
          "column": 17
        },
        "end": {
          "line": 49,
          "column": 1
        }
      },
      "9": {
        "start": {
          "line": 18,
          "column": 2
        },
        "end": {
          "line": 48,
          "column": 11
        }
      },
      "10": {
        "start": {
          "line": 50,
          "column": 0
        },
        "end": {
          "line": 50,
          "column": 14
        }
      },
      "11": {
        "start": {
          "line": 53,
          "column": 0
        },
        "end": {
          "line": 53,
          "column": 29
        }
      },
      "12": {
        "start": {
          "line": 54,
          "column": 0
        },
        "end": {
          "line": 70,
          "column": 1
        }
      },
      "13": {
        "start": {
          "line": 55,
          "column": 2
        },
        "end": {
          "line": 55,
          "column": 39
        }
      },
      "14": {
        "start": {
          "line": 56,
          "column": 2
        },
        "end": {
          "line": 56,
          "column": 39
        }
      },
      "15": {
        "start": {
          "line": 57,
          "column": 2
        },
        "end": {
          "line": 69,
          "column": 5
        }
      },
      "16": {
        "start": {
          "line": 61,
          "column": 4
        },
        "end": {
          "line": 61,
          "column": 134
        }
      },
      "17": {
        "start": {
          "line": 62,
          "column": 4
        },
        "end": {
          "line": 68,
          "column": 7
        }
      },
      "18": {
        "start": {
          "line": 63,
          "column": 6
        },
        "end": {
          "line": 64,
          "column": 15
        }
      },
      "19": {
        "start": {
          "line": 64,
          "column": 8
        },
        "end": {
          "line": 64,
          "column": 15
        }
      },
      "20": {
        "start": {
          "line": 65,
          "column": 32
        },
        "end": {
          "line": 65,
          "column": 115
        }
      },
      "21": {
        "start": {
          "line": 66,
          "column": 6
        },
        "end": {
          "line": 67,
          "column": 54
        }
      },
      "22": {
        "start": {
          "line": 67,
          "column": 8
        },
        "end": {
          "line": 67,
          "column": 54
        }
      }
    },
    "fnMap": {
      "0": {
        "name": "(anonymous_0)",
        "decl": {
          "start": {
            "line": 11,
            "column": 24
          },
          "end": {
            "line": 11,
            "column": 25
          }
        },
        "loc": {
          "start": {
            "line": 11,
            "column": 38
          },
          "end": {
            "line": 13,
            "column": 3
          }
        },
        "line": 11
      },
      "1": {
        "name": "(anonymous_1)",
        "decl": {
          "start": {
            "line": 17,
            "column": 17
          },
          "end": {
            "line": 17,
            "column": 18
          }
        },
        "loc": {
          "start": {
            "line": 17,
            "column": 27
          },
          "end": {
            "line": 49,
            "column": 1
          }
        },
        "line": 17
      },
      "2": {
        "name": "(anonymous_2)",
        "decl": {
          "start": {
            "line": 60,
            "column": 9
          },
          "end": {
            "line": 60,
            "column": 10
          }
        },
        "loc": {
          "start": {
            "line": 60,
            "column": 29
          },
          "end": {
            "line": 69,
            "column": 3
          }
        },
        "line": 60
      },
      "3": {
        "name": "(anonymous_3)",
        "decl": {
          "start": {
            "line": 62,
            "column": 27
          },
          "end": {
            "line": 62,
            "column": 28
          }
        },
        "loc": {
          "start": {
            "line": 62,
            "column": 44
          },
          "end": {
            "line": 68,
            "column": 5
          }
        },
        "line": 62
      }
    },
    "branchMap": {
      "0": {
        "loc": {
          "start": {
            "line": 5,
            "column": 0
          },
          "end": {
            "line": 15,
            "column": 1
          }
        },
        "type": "if",
        "locations": [
          {
            "start": {
              "line": 5,
              "column": 0
            },
            "end": {
              "line": 15,
              "column": 1
            }
          },
          {
            "start": {},
            "end": {}
          }
        ],
        "line": 5
      },
      "1": {
        "loc": {
          "start": {
            "line": 6,
            "column": 2
          },
          "end": {
            "line": 8,
            "column": 3
          }
        },
        "type": "if",
        "locations": [
          {
            "start": {
              "line": 6,
              "column": 2
            },
            "end": {
              "line": 8,
              "column": 3
            }
          },
          {
            "start": {},
            "end": {}
          }
        ],
        "line": 6
      },
      "2": {
        "loc": {
          "start": {
            "line": 54,
            "column": 0
          },
          "end": {
            "line": 70,
            "column": 1
          }
        },
        "type": "if",
        "locations": [
          {
            "start": {
              "line": 54,
              "column": 0
            },
            "end": {
              "line": 70,
              "column": 1
            }
          },
          {
            "start": {},
            "end": {}
          }
        ],
        "line": 54
      },
      "3": {
        "loc": {
          "start": {
            "line": 63,
            "column": 6
          },
          "end": {
            "line": 64,
            "column": 15
          }
        },
        "type": "if",
        "locations": [
          {
            "start": {
              "line": 63,
              "column": 6
            },
            "end": {
              "line": 64,
              "column": 15
            }
          },
          {
            "start": {},
            "end": {}
          }
        ],
        "line": 63
      },
      "4": {
        "loc": {
          "start": {
            "line": 66,
            "column": 6
          },
          "end": {
            "line": 67,
            "column": 54
          }
        },
        "type": "if",
        "locations": [
          {
            "start": {
              "line": 66,
              "column": 6
            },
            "end": {
              "line": 67,
              "column": 54
            }
          },
          {
            "start": {},
            "end": {}
          }
        ],
        "line": 66
      }
    },
    "s": {
      "0": 28,
      "1": 28,
      "2": 0,
      "3": 28,
      "4": 28,
      "5": 28,
      "6": 28,
      "7": 28,
      "8": 28,
      "9": 4,
      "10": 28,
      "11": 28,
      "12": 28,
      "13": 28,
      "14": 28,
      "15": 28,
      "16": 7,
      "17": 7,
      "18": 0,
      "19": 0,
      "20": 0,
      "21": 0,
      "22": 0
    },
    "f": {
      "0": 28,
      "1": 4,
      "2": 7,
      "3": 0
    },
    "b": {
      "0": [
        28,
        0
      ],
      "1": [
        0,
        28
      ],
      "2": [
        28,
        0
      ],
      "3": [
        0,
        0
      ],
      "4": [
        0,
        0
      ]
    },
    "inputSourceMap": {
      "version": 3,
      "mappings": "AAQM;AARN,OAAOA,oBAAmB;AAAO;AAAA;AAAA;AAAA;AAAA;AAAA;AAAA;AAAA;AAAA;AAAA;AAAA;AAAA;AAAA;AAGjC,OAAO;AAEP,MAAMC,WAA8BA,CAACC,SAA4C;AAC/E,SACE,uBAAC,SAAI,WAAU,YACb;AAAA,2BAAC,QAAIA,eAAKC,SAAV;AAAA;AAAA;AAAA;AAAA,WAAgB;AAAA,IAChB,uBAAC,SAAI,OAAOD,KAAKE,OAAjB;AAAA;AAAA;AAAA;AAAA,WAAsB;AAAA,IACtB,uBAAC,QAAK,oBAASF,KAAKG,WAApB;AAAA;AAAA;AAAA;AAAA,WAA4B;AAAA,IAC5B,uBAAC,QAAK,oBAASH,KAAKI,WAApB;AAAA;AAAA;AAAA;AAAA,WAA4B;AAAA,IAC5B,uBAAC,QAAK,mBAAQJ,KAAKK,aAAnB;AAAA;AAAA;AAAA;AAAA,WAA6B;AAAA,OAL/B;AAAA;AAAA;AAAA;AAAA,SAMA;AAEJ;AAAEC,KAVIP;AAWN,eAAeA;AAAS;AAAAQ",
      "names": [
        "React",
        "FormCard",
        "data",
        "title",
        "img",
        "price",
        "color",
        "boxSize",
        "_c",
        "$RefreshReg$"
      ],
      "sources": [
        "D:/dev/rsschool_react2023Q1/src/components/FormCard/FormCard.tsx"
      ],
      "file": "D:/dev/rsschool_react2023Q1/src/components/FormCard/FormCard.tsx"
    },
    "_coverageSchema": "1a1c01bbd47fc00a2c39e90264f33305004495a9",
    "hash": "5850cf83489a6a07add8faf9809fa10a347f695c"
  },
  "D:/dev/rsschool_react2023Q1/src/redux/reducers/searchReducer.ts": {
    "path": "D:/dev/rsschool_react2023Q1/src/redux/reducers/searchReducer.ts",
    "statementMap": {
      "0": {
        "start": {
          "line": 2,
          "column": 27
        },
        "end": {
          "line": 12,
          "column": 2
        }
      },
      "1": {
        "start": {
          "line": 9,
          "column": 6
        },
        "end": {
          "line": 9,
          "column": 38
        }
      },
      "2": {
        "start": {
          "line": 13,
          "column": 36
        },
        "end": {
          "line": 13,
          "column": 47
        }
      }
    },
    "fnMap": {
      "0": {
        "name": "(anonymous_0)",
        "decl": {
          "start": {
            "line": 8,
            "column": 20
          },
          "end": {
            "line": 8,
            "column": 21
          }
        },
        "loc": {
          "start": {
            "line": 8,
            "column": 61
          },
          "end": {
            "line": 10,
            "column": 5
          }
        },
        "line": 8
      }
    },
    "branchMap": {},
    "s": {
      "0": 28,
      "1": 0,
      "2": 28
    },
    "f": {
      "0": 0
    },
    "b": {},
    "inputSourceMap": {
      "version": 3,
      "sources": [
        "D:/dev/rsschool_react2023Q1/src/redux/reducers/searchReducer.ts"
      ],
      "mappings": "AAAA,SAAwB,mBAAmB;AAGpC,aAAM,cAAc,YAAY;AAAA,EACrC,MAAM;AAAA,EACN,cAAc;AAAA,IACZ,aAAa;AAAA,EACf;AAAA,EACA,UAAU;AAAA,IACR,gBAAgB,CAAC,OAAO,EAAE,SAAS,EAAE,YAAY,EAAE,MAAmC;AACpF,MAAC,MAAM,cAAc;AAAA,IACvB;AAAA,EACF;AACF,CAAC;AAEM,aAAM,EAAE,SAAS,QAAQ,IAAI;",
      "names": []
    },
    "_coverageSchema": "1a1c01bbd47fc00a2c39e90264f33305004495a9",
    "hash": "fb79068990c34f02d45e83907215f75627223527"
  },
  "D:/dev/rsschool_react2023Q1/src/redux/reducers/bigCardReducer.ts": {
    "path": "D:/dev/rsschool_react2023Q1/src/redux/reducers/bigCardReducer.ts",
    "statementMap": {
      "0": {
        "start": {
          "line": 2,
          "column": 25
        },
        "end": {
          "line": 16,
          "column": 2
        }
      },
      "1": {
        "start": {
          "line": 10,
          "column": 6
        },
        "end": {
          "line": 10,
          "column": 55
        }
      },
      "2": {
        "start": {
          "line": 13,
          "column": 6
        },
        "end": {
          "line": 13,
          "column": 27
        }
      },
      "3": {
        "start": {
          "line": 17,
          "column": 36
        },
        "end": {
          "line": 17,
          "column": 45
        }
      }
    },
    "fnMap": {
      "0": {
        "name": "(anonymous_0)",
        "decl": {
          "start": {
            "line": 9,
            "column": 21
          },
          "end": {
            "line": 9,
            "column": 22
          }
        },
        "loc": {
          "start": {
            "line": 9,
            "column": 67
          },
          "end": {
            "line": 11,
            "column": 5
          }
        },
        "line": 9
      },
      "1": {
        "name": "(anonymous_1)",
        "decl": {
          "start": {
            "line": 12,
            "column": 17
          },
          "end": {
            "line": 12,
            "column": 18
          }
        },
        "loc": {
          "start": {
            "line": 12,
            "column": 28
          },
          "end": {
            "line": 14,
            "column": 5
          }
        },
        "line": 12
      }
    },
    "branchMap": {},
    "s": {
      "0": 28,
      "1": 3,
      "2": 0,
      "3": 28
    },
    "f": {
      "0": 3,
      "1": 0
    },
    "b": {},
    "inputSourceMap": {
      "version": 3,
      "sources": [
        "D:/dev/rsschool_react2023Q1/src/redux/reducers/bigCardReducer.ts"
      ],
      "mappings": "AAAA,SAAwB,mBAAmB;AAQpC,aAAM,YAAY,YAAY;AAAA,EACjC,MAAM;AAAA,EACN,cAAc;AAAA,IACV,QAAQ;AAAA,IACR,UAAU;AAAA,EACd;AAAA,EACA,UAAU;AAAA,IACN,iBAAiB,CAAC,OAAO,EAAE,SAAS,EAAE,QAAQ,SAAS,EAAE,MAA+B;AACpF,MACI,MAAM,SAAS,QACf,MAAM,WAAW;AAAA,IAEzB;AAAA,IACA,aAAa,CAAC,UAAU;AACpB,MACI,MAAM,SAAS;AAAA,IAE3B;AAAA,EACF;AACF,CAAC;AAEM,aAAM,EAAE,SAAS,QAAQ,IAAI;",
      "names": []
    },
    "_coverageSchema": "1a1c01bbd47fc00a2c39e90264f33305004495a9",
    "hash": "76c0ef4113a97119b6d19607f730a75d2c553f02"
  },
  "D:/dev/rsschool_react2023Q1/src/redux/rtk/getRequest.ts": {
    "path": "D:/dev/rsschool_react2023Q1/src/redux/rtk/getRequest.ts",
    "statementMap": {
      "0": {
        "start": {
          "line": 2,
          "column": 23
        },
        "end": {
          "line": 11,
          "column": 2
        }
      },
      "1": {
        "start": {
          "line": 5,
          "column": 27
        },
        "end": {
          "line": 9,
          "column": 3
        }
      },
      "2": {
        "start": {
          "line": 7,
          "column": 23
        },
        "end": {
          "line": 7,
          "column": 48
        }
      },
      "3": {
        "start": {
          "line": 12,
          "column": 44
        },
        "end": {
          "line": 12,
          "column": 51
        }
      }
    },
    "fnMap": {
      "0": {
        "name": "(anonymous_0)",
        "decl": {
          "start": {
            "line": 5,
            "column": 13
          },
          "end": {
            "line": 5,
            "column": 14
          }
        },
        "loc": {
          "start": {
            "line": 5,
            "column": 27
          },
          "end": {
            "line": 9,
            "column": 3
          }
        },
        "line": 5
      },
      "1": {
        "name": "(anonymous_1)",
        "decl": {
          "start": {
            "line": 7,
            "column": 13
          },
          "end": {
            "line": 7,
            "column": 14
          }
        },
        "loc": {
          "start": {
            "line": 7,
            "column": 23
          },
          "end": {
            "line": 7,
            "column": 48
          }
        },
        "line": 7
      }
    },
    "branchMap": {},
    "s": {
      "0": 28,
      "1": 28,
      "2": 9,
      "3": 28
    },
    "f": {
      "0": 28,
      "1": 9
    },
    "b": {},
    "inputSourceMap": {
      "version": 3,
      "sources": [
        "D:/dev/rsschool_react2023Q1/src/redux/rtk/getRequest.ts"
      ],
      "mappings": "AAAA,SAAS,WAAW,sBAAsB;AAGnC,aAAM,UAAU,UAAU;AAAA,EAC/B,aAAa;AAAA,EACb,WAAW,eAAe,EAAE,SAAS,mCAAmC,CAAC;AAAA,EACzE,WAAW,CAAC,aAAa;AAAA,IACvB,kBAAkB,QAAQ,MAA8B;AAAA,MACtD,OAAO,CAAC,SAAiB,mBAAmB;AAAA,IAC9C,CAAC;AAAA,EACH;AAAA,EACA,2BAA2B;AAC7B,CAAC;AACM,aAAM,EAAE,yBAAyB,IAAI;",
      "names": []
    },
    "_coverageSchema": "1a1c01bbd47fc00a2c39e90264f33305004495a9",
    "hash": "2fcc6d132aa5d6a61905c872b334c4e150dc4162"
  },
  "D:/dev/rsschool_react2023Q1/src/redux/reducers/formReducer.ts": {
    "path": "D:/dev/rsschool_react2023Q1/src/redux/reducers/formReducer.ts",
    "statementMap": {
      "0": {
        "start": {
          "line": 2,
          "column": 25
        },
        "end": {
          "line": 14,
          "column": 1
        }
      },
      "1": {
        "start": {
          "line": 10,
          "column": 8
        },
        "end": {
          "line": 10,
          "column": 36
        }
      },
      "2": {
        "start": {
          "line": 15,
          "column": 36
        },
        "end": {
          "line": 15,
          "column": 45
        }
      }
    },
    "fnMap": {
      "0": {
        "name": "(anonymous_0)",
        "decl": {
          "start": {
            "line": 9,
            "column": 20
          },
          "end": {
            "line": 9,
            "column": 21
          }
        },
        "loc": {
          "start": {
            "line": 9,
            "column": 59
          },
          "end": {
            "line": 11,
            "column": 7
          }
        },
        "line": 9
      }
    },
    "branchMap": {},
    "s": {
      "0": 28,
      "1": 4,
      "2": 28
    },
    "f": {
      "0": 4
    },
    "b": {},
    "inputSourceMap": {
      "version": 3,
      "sources": [
        "D:/dev/rsschool_react2023Q1/src/redux/reducers/formReducer.ts"
      ],
      "mappings": "AAAA,SAAwB,mBAAmB;AAOpC,aAAM,YAAY;AAAA,EAAY;AAAA,IACjC,MAAM;AAAA,IACN,cAAc;AAAA,MACV,WAAW,CAAC;AAAA,IAChB;AAAA,IACA,UAAU;AAAA,MACN,cAAc,CAAC,OAAO,EAAE,SAAS,EAAE,UAAU,EAAE,MAAiC;AAC5E,QACI,MAAM,YAAY;AAAA,MAE1B;AAAA,IACJ;AAAA,EACF;AACF;AAEO,aAAM,EAAE,SAAS,QAAQ,IAAI;",
      "names": []
    },
    "_coverageSchema": "1a1c01bbd47fc00a2c39e90264f33305004495a9",
    "hash": "df01bc458ad9a22591de4b4c975236b5fca91219"
  },
  "D:/dev/rsschool_react2023Q1/src/redux/store.ts": {
    "path": "D:/dev/rsschool_react2023Q1/src/redux/store.ts",
    "statementMap": {
      "0": {
        "start": {
          "line": 8,
          "column": 17
        },
        "end": {
          "line": 10,
          "column": 2
        }
      },
      "1": {
        "start": {
          "line": 11,
          "column": 21
        },
        "end": {
          "line": 19,
          "column": 2
        }
      },
      "2": {
        "start": {
          "line": 18,
          "column": 40
        },
        "end": {
          "line": 18,
          "column": 89
        }
      },
      "3": {
        "start": {
          "line": 20,
          "column": 36
        },
        "end": {
          "line": 20,
          "column": 47
        }
      },
      "4": {
        "start": {
          "line": 21,
          "column": 36
        },
        "end": {
          "line": 21,
          "column": 47
        }
      }
    },
    "fnMap": {
      "0": {
        "name": "(anonymous_0)",
        "decl": {
          "start": {
            "line": 18,
            "column": 14
          },
          "end": {
            "line": 18,
            "column": 15
          }
        },
        "loc": {
          "start": {
            "line": 18,
            "column": 40
          },
          "end": {
            "line": 18,
            "column": 89
          }
        },
        "line": 18
      }
    },
    "branchMap": {},
    "s": {
      "0": 28,
      "1": 28,
      "2": 28,
      "3": 28,
      "4": 28
    },
    "f": {
      "0": 28
    },
    "b": {},
    "inputSourceMap": {
      "version": 3,
      "sources": [
        "D:/dev/rsschool_react2023Q1/src/redux/store.ts"
      ],
      "mappings": "AAAA,SAAS,iBAAiB,sBAAsB;AAChD,SAAS,WAAW,qBAAqB;AACzC,SAAS,WAAW,mBAAmB;AAEvC,SAAS,mBAAmB;AAC5B,SAAS,mBAAmB;AAC5B,SAAS,eAAe;AACxB,SAAS,WAAW,mBAAmB;AAEvC,MAAM,WAAW,gBAAgB;AAAA,EAC7B;AACJ,CAAC;AAEM,aAAM,QAAQ,eAAe;AAAA,EAChC,SAAS;AAAA,IACL;AAAA,IACA;AAAA,IACA;AAAA,IACA,CAAC,QAAQ,WAAW,GAAG,QAAQ;AAAA,EACjC;AAAA,EACA,YAAY,CAAC,yBAAyB,qBAAqB,EAAE,OAAO,QAAQ,UAAU;AAC5F,CAAC;AAIM,aAAM,uBAAyD;AAG/D,aAAM,uBAA4C;",
      "names": []
    },
    "_coverageSchema": "1a1c01bbd47fc00a2c39e90264f33305004495a9",
    "hash": "caf6696ea157f3c4e1b37164f45ee1d8144ccb26"
  },
  "D:/dev/rsschool_react2023Q1/src/components/FormCards/FormCards.tsx": {
    "path": "D:/dev/rsschool_react2023Q1/src/components/FormCards/FormCards.tsx",
    "statementMap": {
      "0": {
        "start": {
          "line": 5,
          "column": 0
        },
        "end": {
          "line": 15,
          "column": 1
        }
      },
      "1": {
        "start": {
          "line": 6,
          "column": 2
        },
        "end": {
          "line": 8,
          "column": 3
        }
      },
      "2": {
        "start": {
          "line": 7,
          "column": 4
        },
        "end": {
          "line": 7,
          "column": 165
        }
      },
      "3": {
        "start": {
          "line": 9,
          "column": 2
        },
        "end": {
          "line": 9,
          "column": 39
        }
      },
      "4": {
        "start": {
          "line": 10,
          "column": 2
        },
        "end": {
          "line": 10,
          "column": 39
        }
      },
      "5": {
        "start": {
          "line": 11,
          "column": 2
        },
        "end": {
          "line": 13,
          "column": 4
        }
      },
      "6": {
        "start": {
          "line": 12,
          "column": 4
        },
        "end": {
          "line": 12,
          "column": 110
        }
      },
      "7": {
        "start": {
          "line": 14,
          "column": 2
        },
        "end": {
          "line": 14,
          "column": 75
        }
      },
      "8": {
        "start": {
          "line": 16,
          "column": 9
        },
        "end": {
          "line": 16,
          "column": 23
        }
      },
      "9": {
        "start": {
          "line": 20,
          "column": 18
        },
        "end": {
          "line": 41,
          "column": 1
        }
      },
      "10": {
        "start": {
          "line": 21,
          "column": 2
        },
        "end": {
          "line": 21,
          "column": 7
        }
      },
      "11": {
        "start": {
          "line": 22,
          "column": 20
        },
        "end": {
          "line": 22,
          "column": 80
        }
      },
      "12": {
        "start": {
          "line": 22,
          "column": 52
        },
        "end": {
          "line": 22,
          "column": 79
        }
      },
      "13": {
        "start": {
          "line": 23,
          "column": 2
        },
        "end": {
          "line": 40,
          "column": 11
        }
      },
      "14": {
        "start": {
          "line": 25,
          "column": 6
        },
        "end": {
          "line": 29,
          "column": 15
        }
      },
      "15": {
        "start": {
          "line": 42,
          "column": 0
        },
        "end": {
          "line": 44,
          "column": 3
        }
      },
      "16": {
        "start": {
          "line": 43,
          "column": 2
        },
        "end": {
          "line": 43,
          "column": 32
        }
      },
      "17": {
        "start": {
          "line": 45,
          "column": 0
        },
        "end": {
          "line": 45,
          "column": 15
        }
      },
      "18": {
        "start": {
          "line": 48,
          "column": 0
        },
        "end": {
          "line": 48,
          "column": 30
        }
      },
      "19": {
        "start": {
          "line": 49,
          "column": 0
        },
        "end": {
          "line": 65,
          "column": 1
        }
      },
      "20": {
        "start": {
          "line": 50,
          "column": 2
        },
        "end": {
          "line": 50,
          "column": 39
        }
      },
      "21": {
        "start": {
          "line": 51,
          "column": 2
        },
        "end": {
          "line": 51,
          "column": 39
        }
      },
      "22": {
        "start": {
          "line": 52,
          "column": 2
        },
        "end": {
          "line": 64,
          "column": 5
        }
      },
      "23": {
        "start": {
          "line": 56,
          "column": 4
        },
        "end": {
          "line": 56,
          "column": 136
        }
      },
      "24": {
        "start": {
          "line": 57,
          "column": 4
        },
        "end": {
          "line": 63,
          "column": 7
        }
      },
      "25": {
        "start": {
          "line": 58,
          "column": 6
        },
        "end": {
          "line": 59,
          "column": 15
        }
      },
      "26": {
        "start": {
          "line": 59,
          "column": 8
        },
        "end": {
          "line": 59,
          "column": 15
        }
      },
      "27": {
        "start": {
          "line": 60,
          "column": 32
        },
        "end": {
          "line": 60,
          "column": 115
        }
      },
      "28": {
        "start": {
          "line": 61,
          "column": 6
        },
        "end": {
          "line": 62,
          "column": 54
        }
      },
      "29": {
        "start": {
          "line": 62,
          "column": 8
        },
        "end": {
          "line": 62,
          "column": 54
        }
      }
    },
    "fnMap": {
      "0": {
        "name": "(anonymous_0)",
        "decl": {
          "start": {
            "line": 11,
            "column": 24
          },
          "end": {
            "line": 11,
            "column": 25
          }
        },
        "loc": {
          "start": {
            "line": 11,
            "column": 38
          },
          "end": {
            "line": 13,
            "column": 3
          }
        },
        "line": 11
      },
      "1": {
        "name": "(anonymous_1)",
        "decl": {
          "start": {
            "line": 20,
            "column": 18
          },
          "end": {
            "line": 20,
            "column": 19
          }
        },
        "loc": {
          "start": {
            "line": 20,
            "column": 24
          },
          "end": {
            "line": 41,
            "column": 1
          }
        },
        "line": 20
      },
      "2": {
        "name": "(anonymous_2)",
        "decl": {
          "start": {
            "line": 22,
            "column": 41
          },
          "end": {
            "line": 22,
            "column": 42
          }
        },
        "loc": {
          "start": {
            "line": 22,
            "column": 52
          },
          "end": {
            "line": 22,
            "column": 79
          }
        },
        "line": 22
      },
      "3": {
        "name": "(anonymous_3)",
        "decl": {
          "start": {
            "line": 24,
            "column": 18
          },
          "end": {
            "line": 24,
            "column": 19
          }
        },
        "loc": {
          "start": {
            "line": 24,
            "column": 28
          },
          "end": {
            "line": 30,
            "column": 5
          }
        },
        "line": 24
      },
      "4": {
        "name": "(anonymous_4)",
        "decl": {
          "start": {
            "line": 42,
            "column": 53
          },
          "end": {
            "line": 42,
            "column": 54
          }
        },
        "loc": {
          "start": {
            "line": 42,
            "column": 64
          },
          "end": {
            "line": 44,
            "column": 1
          }
        },
        "line": 42
      },
      "5": {
        "name": "(anonymous_5)",
        "decl": {
          "start": {
            "line": 55,
            "column": 9
          },
          "end": {
            "line": 55,
            "column": 10
          }
        },
        "loc": {
          "start": {
            "line": 55,
            "column": 29
          },
          "end": {
            "line": 64,
            "column": 3
          }
        },
        "line": 55
      },
      "6": {
        "name": "(anonymous_6)",
        "decl": {
          "start": {
            "line": 57,
            "column": 27
          },
          "end": {
            "line": 57,
            "column": 28
          }
        },
        "loc": {
          "start": {
            "line": 57,
            "column": 44
          },
          "end": {
            "line": 63,
            "column": 5
          }
        },
        "line": 57
      }
    },
    "branchMap": {
      "0": {
        "loc": {
          "start": {
            "line": 5,
            "column": 0
          },
          "end": {
            "line": 15,
            "column": 1
          }
        },
        "type": "if",
        "locations": [
          {
            "start": {
              "line": 5,
              "column": 0
            },
            "end": {
              "line": 15,
              "column": 1
            }
          },
          {
            "start": {},
            "end": {}
          }
        ],
        "line": 5
      },
      "1": {
        "loc": {
          "start": {
            "line": 6,
            "column": 2
          },
          "end": {
            "line": 8,
            "column": 3
          }
        },
        "type": "if",
        "locations": [
          {
            "start": {
              "line": 6,
              "column": 2
            },
            "end": {
              "line": 8,
              "column": 3
            }
          },
          {
            "start": {},
            "end": {}
          }
        ],
        "line": 6
      },
      "2": {
        "loc": {
          "start": {
            "line": 31,
            "column": 4
          },
          "end": {
            "line": 35,
            "column": 12
          }
        },
        "type": "binary-expr",
        "locations": [
          {
            "start": {
              "line": 31,
              "column": 4
            },
            "end": {
              "line": 31,
              "column": 26
            }
          },
          {
            "start": {
              "line": 31,
              "column": 46
            },
            "end": {
              "line": 35,
              "column": 12
            }
          }
        ],
        "line": 31
      },
      "3": {
        "loc": {
          "start": {
            "line": 49,
            "column": 0
          },
          "end": {
            "line": 65,
            "column": 1
          }
        },
        "type": "if",
        "locations": [
          {
            "start": {
              "line": 49,
              "column": 0
            },
            "end": {
              "line": 65,
              "column": 1
            }
          },
          {
            "start": {},
            "end": {}
          }
        ],
        "line": 49
      },
      "4": {
        "loc": {
          "start": {
            "line": 58,
            "column": 6
          },
          "end": {
            "line": 59,
            "column": 15
          }
        },
        "type": "if",
        "locations": [
          {
            "start": {
              "line": 58,
              "column": 6
            },
            "end": {
              "line": 59,
              "column": 15
            }
          },
          {
            "start": {},
            "end": {}
          }
        ],
        "line": 58
      },
      "5": {
        "loc": {
          "start": {
            "line": 61,
            "column": 6
          },
          "end": {
            "line": 62,
            "column": 54
          }
        },
        "type": "if",
        "locations": [
          {
            "start": {
              "line": 61,
              "column": 6
            },
            "end": {
              "line": 62,
              "column": 54
            }
          },
          {
            "start": {},
            "end": {}
          }
        ],
        "line": 61
      }
    },
    "s": {
      "0": 28,
      "1": 28,
      "2": 0,
      "3": 28,
      "4": 28,
      "5": 28,
      "6": 28,
      "7": 28,
      "8": 28,
      "9": 28,
      "10": 12,
      "11": 12,
      "12": 20,
      "13": 12,
      "14": 4,
      "15": 28,
      "16": 8,
      "17": 28,
      "18": 28,
      "19": 28,
      "20": 28,
      "21": 28,
      "22": 28,
      "23": 7,
      "24": 7,
      "25": 0,
      "26": 0,
      "27": 0,
      "28": 0,
      "29": 0
    },
    "f": {
      "0": 28,
      "1": 12,
      "2": 20,
      "3": 4,
      "4": 8,
      "5": 7,
      "6": 0
    },
    "b": {
      "0": [
        28,
        0
      ],
      "1": [
        0,
        28
      ],
      "2": [
        12,
        8
      ],
      "3": [
        28,
        0
      ],
      "4": [
        0,
        0
      ],
      "5": [
        0,
        0
      ]
    },
    "inputSourceMap": {
      "version": 3,
      "mappings": "AAcU;;;;;;;;;;;;;;;;AAZV,OAAO;AAEP,OAAOA,cAAc;AACrB,SAASC,4BAA4B;AAGrC,MAAMC,YAAgBA,MAAM;AAAAC;AAC1B,QAAMC,YAA6BH,qBAAsBI,WAAUA,MAAMC,YAAYF,SAAS;AAC9F,SACE,uBAAC,SAAI,WAAU,aACZA;AAAAA,cAAUG,IAAI,CAACC,SAAwB;AACtC,aACE,uBAAC,YACC,OAAOA,KAAKC,OACZ,KAAKD,KAAKE,KACV,OAAOF,KAAKG,OAEZ,MAAMH,KAAKI,MACX,OAAOJ,KAAKK,OACZ,YAAYL,KAAKM,YACjB,SAASN,KAAKO,WAJTP,KAAKQ,IAJZ;AAAA;AAAA;AAAA;AAAA,aAQwB;AAAA,IAG5B,CAAC;AAAA,IACAZ,UAAWa,WAAW,KAAK,uBAAC,QAAG,2BAAJ;AAAA;AAAA;AAAA;AAAA,WAAe;AAAA,OAf7C;AAAA;AAAA;AAAA;AAAA,SAgBA;AAEJ;AAAEd,GArBID,WAAa;AAAA,UACkBD,oBAAoB;AAAA;AAAAiB,KADnDhB;AAsBN,eAAeA;AAAU;AAAAiB",
      "names": [
        "FormCard",
        "useFullStateSelector",
        "FormCards",
        "_s",
        "formCards",
        "state",
        "formReducer",
        "map",
        "card",
        "title",
        "img",
        "price",
        "date",
        "color",
        "isAvalible",
        "boxSize",
        "id",
        "length",
        "_c",
        "$RefreshReg$"
      ],
      "sources": [
        "D:/dev/rsschool_react2023Q1/src/components/FormCards/FormCards.tsx"
      ],
      "file": "D:/dev/rsschool_react2023Q1/src/components/FormCards/FormCards.tsx"
    },
    "_coverageSchema": "1a1c01bbd47fc00a2c39e90264f33305004495a9",
    "hash": "142eb7d3bb82840b47d11fb1aba08ff32f416de7"
  },
  "D:/dev/rsschool_react2023Q1/src/components/Header/Header.tsx": {
    "path": "D:/dev/rsschool_react2023Q1/src/components/Header/Header.tsx",
    "statementMap": {
      "0": {
        "start": {
          "line": 5,
          "column": 0
        },
        "end": {
          "line": 15,
          "column": 1
        }
      },
      "1": {
        "start": {
          "line": 6,
          "column": 2
        },
        "end": {
          "line": 8,
          "column": 3
        }
      },
      "2": {
        "start": {
          "line": 7,
          "column": 4
        },
        "end": {
          "line": 7,
          "column": 165
        }
      },
      "3": {
        "start": {
          "line": 9,
          "column": 2
        },
        "end": {
          "line": 9,
          "column": 39
        }
      },
      "4": {
        "start": {
          "line": 10,
          "column": 2
        },
        "end": {
          "line": 10,
          "column": 39
        }
      },
      "5": {
        "start": {
          "line": 11,
          "column": 2
        },
        "end": {
          "line": 13,
          "column": 4
        }
      },
      "6": {
        "start": {
          "line": 12,
          "column": 4
        },
        "end": {
          "line": 12,
          "column": 104
        }
      },
      "7": {
        "start": {
          "line": 14,
          "column": 2
        },
        "end": {
          "line": 14,
          "column": 75
        }
      },
      "8": {
        "start": {
          "line": 18,
          "column": 15
        },
        "end": {
          "line": 56,
          "column": 1
        }
      },
      "9": {
        "start": {
          "line": 19,
          "column": 2
        },
        "end": {
          "line": 55,
          "column": 11
        }
      },
      "10": {
        "start": {
          "line": 57,
          "column": 0
        },
        "end": {
          "line": 57,
          "column": 12
        }
      },
      "11": {
        "start": {
          "line": 60,
          "column": 0
        },
        "end": {
          "line": 60,
          "column": 27
        }
      },
      "12": {
        "start": {
          "line": 61,
          "column": 0
        },
        "end": {
          "line": 77,
          "column": 1
        }
      },
      "13": {
        "start": {
          "line": 62,
          "column": 2
        },
        "end": {
          "line": 62,
          "column": 39
        }
      },
      "14": {
        "start": {
          "line": 63,
          "column": 2
        },
        "end": {
          "line": 63,
          "column": 39
        }
      },
      "15": {
        "start": {
          "line": 64,
          "column": 2
        },
        "end": {
          "line": 76,
          "column": 5
        }
      },
      "16": {
        "start": {
          "line": 68,
          "column": 4
        },
        "end": {
          "line": 68,
          "column": 130
        }
      },
      "17": {
        "start": {
          "line": 69,
          "column": 4
        },
        "end": {
          "line": 75,
          "column": 7
        }
      },
      "18": {
        "start": {
          "line": 70,
          "column": 6
        },
        "end": {
          "line": 71,
          "column": 15
        }
      },
      "19": {
        "start": {
          "line": 71,
          "column": 8
        },
        "end": {
          "line": 71,
          "column": 15
        }
      },
      "20": {
        "start": {
          "line": 72,
          "column": 32
        },
        "end": {
          "line": 72,
          "column": 115
        }
      },
      "21": {
        "start": {
          "line": 73,
          "column": 6
        },
        "end": {
          "line": 74,
          "column": 54
        }
      },
      "22": {
        "start": {
          "line": 74,
          "column": 8
        },
        "end": {
          "line": 74,
          "column": 54
        }
      }
    },
    "fnMap": {
      "0": {
        "name": "(anonymous_0)",
        "decl": {
          "start": {
            "line": 11,
            "column": 24
          },
          "end": {
            "line": 11,
            "column": 25
          }
        },
        "loc": {
          "start": {
            "line": 11,
            "column": 38
          },
          "end": {
            "line": 13,
            "column": 3
          }
        },
        "line": 11
      },
      "1": {
        "name": "(anonymous_1)",
        "decl": {
          "start": {
            "line": 18,
            "column": 15
          },
          "end": {
            "line": 18,
            "column": 16
          }
        },
        "loc": {
          "start": {
            "line": 18,
            "column": 21
          },
          "end": {
            "line": 56,
            "column": 1
          }
        },
        "line": 18
      },
      "2": {
        "name": "(anonymous_2)",
        "decl": {
          "start": {
            "line": 67,
            "column": 9
          },
          "end": {
            "line": 67,
            "column": 10
          }
        },
        "loc": {
          "start": {
            "line": 67,
            "column": 29
          },
          "end": {
            "line": 76,
            "column": 3
          }
        },
        "line": 67
      },
      "3": {
        "name": "(anonymous_3)",
        "decl": {
          "start": {
            "line": 69,
            "column": 27
          },
          "end": {
            "line": 69,
            "column": 28
          }
        },
        "loc": {
          "start": {
            "line": 69,
            "column": 44
          },
          "end": {
            "line": 75,
            "column": 5
          }
        },
        "line": 69
      }
    },
    "branchMap": {
      "0": {
        "loc": {
          "start": {
            "line": 5,
            "column": 0
          },
          "end": {
            "line": 15,
            "column": 1
          }
        },
        "type": "if",
        "locations": [
          {
            "start": {
              "line": 5,
              "column": 0
            },
            "end": {
              "line": 15,
              "column": 1
            }
          },
          {
            "start": {},
            "end": {}
          }
        ],
        "line": 5
      },
      "1": {
        "loc": {
          "start": {
            "line": 6,
            "column": 2
          },
          "end": {
            "line": 8,
            "column": 3
          }
        },
        "type": "if",
        "locations": [
          {
            "start": {
              "line": 6,
              "column": 2
            },
            "end": {
              "line": 8,
              "column": 3
            }
          },
          {
            "start": {},
            "end": {}
          }
        ],
        "line": 6
      },
      "2": {
        "loc": {
          "start": {
            "line": 61,
            "column": 0
          },
          "end": {
            "line": 77,
            "column": 1
          }
        },
        "type": "if",
        "locations": [
          {
            "start": {
              "line": 61,
              "column": 0
            },
            "end": {
              "line": 77,
              "column": 1
            }
          },
          {
            "start": {},
            "end": {}
          }
        ],
        "line": 61
      },
      "3": {
        "loc": {
          "start": {
            "line": 70,
            "column": 6
          },
          "end": {
            "line": 71,
            "column": 15
          }
        },
        "type": "if",
        "locations": [
          {
            "start": {
              "line": 70,
              "column": 6
            },
            "end": {
              "line": 71,
              "column": 15
            }
          },
          {
            "start": {},
            "end": {}
          }
        ],
        "line": 70
      },
      "4": {
        "loc": {
          "start": {
            "line": 73,
            "column": 6
          },
          "end": {
            "line": 74,
            "column": 54
          }
        },
        "type": "if",
        "locations": [
          {
            "start": {
              "line": 73,
              "column": 6
            },
            "end": {
              "line": 74,
              "column": 54
            }
          },
          {
            "start": {},
            "end": {}
          }
        ],
        "line": 73
      }
    },
    "s": {
      "0": 28,
      "1": 28,
      "2": 0,
      "3": 28,
      "4": 28,
      "5": 28,
      "6": 28,
      "7": 28,
      "8": 28,
      "9": 42,
      "10": 28,
      "11": 28,
      "12": 28,
      "13": 28,
      "14": 28,
      "15": 28,
      "16": 11,
      "17": 11,
      "18": 0,
      "19": 0,
      "20": 0,
      "21": 0,
      "22": 0
    },
    "f": {
      "0": 28,
      "1": 42,
      "2": 11,
      "3": 0
    },
    "b": {
      "0": [
        28,
        0
      ],
      "1": [
        0,
        28
      ],
      "2": [
        28,
        0
      ],
      "3": [
        0,
        0
      ],
      "4": [
        0,
        0
      ]
    },
    "inputSourceMap": {
      "version": 3,
      "mappings": "AAWU;AAXV,OAAOA,oBAAmB;AAAO;AAAA;AAAA;AAAA;AAAA;AAAA;AAAA;AAAA;AAAA;AAAA;AAAA;AAAA;AAAA;AACjC,SAASC,YAAY;AAErB,OAAO;AAEP,MAAMC,SAAaA,MAA0B;AAE3C,SACE,uBAAC,SAAI,WAAU,UACb,iCAAC,QACC;AAAA,2BAAC,QACC,iCAAC,QAAK,IAAG,KAAI,wBAAb;AAAA;AAAA;AAAA;AAAA,WAAqB,KADd,GAAT;AAAA;AAAA;AAAA;AAAA,WAEA;AAAA,IACA,uBAAC,QACC,iCAAC,QAAK,IAAG,YAAW,wBAApB;AAAA;AAAA;AAAA;AAAA,WAA4B,KADrB,GAAT;AAAA;AAAA;AAAA;AAAA,WAEA;AAAA,IACA,uBAAC,QACC,iCAAC,QAAK,IAAG,SAAQ,uCAAjB;AAAA;AAAA;AAAA;AAAA,WAAwC,KADjC,GAAT;AAAA;AAAA;AAAA;AAAA,WAEA;AAAA,OATF;AAAA;AAAA;AAAA;AAAA,SAUA,KAXF;AAAA;AAAA;AAAA;AAAA,SAYA;AAEJ;AAAEC,KAjBID;AAkBN,eAAeA;AAAO;AAAAE",
      "names": [
        "React",
        "Link",
        "Header",
        "_c",
        "$RefreshReg$"
      ],
      "sources": [
        "D:/dev/rsschool_react2023Q1/src/components/Header/Header.tsx"
      ],
      "file": "D:/dev/rsschool_react2023Q1/src/components/Header/Header.tsx"
    },
    "_coverageSchema": "1a1c01bbd47fc00a2c39e90264f33305004495a9",
    "hash": "7c2a17012606fdda660a9e16ca85717b045a28bb"
  },
  "D:/dev/rsschool_react2023Q1/src/components/Form/Form.tsx": {
    "path": "D:/dev/rsschool_react2023Q1/src/components/Form/Form.tsx",
    "statementMap": {
      "0": {
        "start": {
          "line": 5,
          "column": 0
        },
        "end": {
          "line": 15,
          "column": 1
        }
      },
      "1": {
        "start": {
          "line": 6,
          "column": 2
        },
        "end": {
          "line": 8,
          "column": 3
        }
      },
      "2": {
        "start": {
          "line": 7,
          "column": 4
        },
        "end": {
          "line": 7,
          "column": 165
        }
      },
      "3": {
        "start": {
          "line": 9,
          "column": 2
        },
        "end": {
          "line": 9,
          "column": 39
        }
      },
      "4": {
        "start": {
          "line": 10,
          "column": 2
        },
        "end": {
          "line": 10,
          "column": 39
        }
      },
      "5": {
        "start": {
          "line": 11,
          "column": 2
        },
        "end": {
          "line": 13,
          "column": 4
        }
      },
      "6": {
        "start": {
          "line": 12,
          "column": 4
        },
        "end": {
          "line": 12,
          "column": 100
        }
      },
      "7": {
        "start": {
          "line": 14,
          "column": 2
        },
        "end": {
          "line": 14,
          "column": 75
        }
      },
      "8": {
        "start": {
          "line": 16,
          "column": 9
        },
        "end": {
          "line": 16,
          "column": 23
        }
      },
      "9": {
        "start": {
          "line": 23,
          "column": 2
        },
        "end": {
          "line": 23,
          "column": 7
        }
      },
      "10": {
        "start": {
          "line": 24,
          "column": 20
        },
        "end": {
          "line": 24,
          "column": 80
        }
      },
      "11": {
        "start": {
          "line": 24,
          "column": 52
        },
        "end": {
          "line": 24,
          "column": 79
        }
      },
      "12": {
        "start": {
          "line": 25,
          "column": 19
        },
        "end": {
          "line": 25,
          "column": 41
        }
      },
      "13": {
        "start": {
          "line": 33,
          "column": 6
        },
        "end": {
          "line": 33,
          "column": 15
        }
      },
      "14": {
        "start": {
          "line": 34,
          "column": 19
        },
        "end": {
          "line": 58,
          "column": 3
        }
      },
      "15": {
        "start": {
          "line": 35,
          "column": 4
        },
        "end": {
          "line": 47,
          "column": 8
        }
      },
      "16": {
        "start": {
          "line": 48,
          "column": 4
        },
        "end": {
          "line": 48,
          "column": 30
        }
      },
      "17": {
        "start": {
          "line": 49,
          "column": 4
        },
        "end": {
          "line": 57,
          "column": 7
        }
      },
      "18": {
        "start": {
          "line": 59,
          "column": 2
        },
        "end": {
          "line": 200,
          "column": 11
        }
      },
      "19": {
        "start": {
          "line": 202,
          "column": 0
        },
        "end": {
          "line": 204,
          "column": 3
        }
      },
      "20": {
        "start": {
          "line": 203,
          "column": 2
        },
        "end": {
          "line": 203,
          "column": 63
        }
      },
      "21": {
        "start": {
          "line": 205,
          "column": 0
        },
        "end": {
          "line": 205,
          "column": 9
        }
      },
      "22": {
        "start": {
          "line": 207,
          "column": 0
        },
        "end": {
          "line": 207,
          "column": 24
        }
      },
      "23": {
        "start": {
          "line": 208,
          "column": 0
        },
        "end": {
          "line": 224,
          "column": 1
        }
      },
      "24": {
        "start": {
          "line": 209,
          "column": 2
        },
        "end": {
          "line": 209,
          "column": 39
        }
      },
      "25": {
        "start": {
          "line": 210,
          "column": 2
        },
        "end": {
          "line": 210,
          "column": 39
        }
      },
      "26": {
        "start": {
          "line": 211,
          "column": 2
        },
        "end": {
          "line": 223,
          "column": 5
        }
      },
      "27": {
        "start": {
          "line": 215,
          "column": 4
        },
        "end": {
          "line": 215,
          "column": 126
        }
      },
      "28": {
        "start": {
          "line": 216,
          "column": 4
        },
        "end": {
          "line": 222,
          "column": 7
        }
      },
      "29": {
        "start": {
          "line": 217,
          "column": 6
        },
        "end": {
          "line": 218,
          "column": 15
        }
      },
      "30": {
        "start": {
          "line": 218,
          "column": 8
        },
        "end": {
          "line": 218,
          "column": 15
        }
      },
      "31": {
        "start": {
          "line": 219,
          "column": 32
        },
        "end": {
          "line": 219,
          "column": 115
        }
      },
      "32": {
        "start": {
          "line": 220,
          "column": 6
        },
        "end": {
          "line": 221,
          "column": 54
        }
      },
      "33": {
        "start": {
          "line": 221,
          "column": 8
        },
        "end": {
          "line": 221,
          "column": 54
        }
      }
    },
    "fnMap": {
      "0": {
        "name": "(anonymous_0)",
        "decl": {
          "start": {
            "line": 11,
            "column": 24
          },
          "end": {
            "line": 11,
            "column": 25
          }
        },
        "loc": {
          "start": {
            "line": 11,
            "column": 38
          },
          "end": {
            "line": 13,
            "column": 3
          }
        },
        "line": 11
      },
      "1": {
        "name": "App",
        "decl": {
          "start": {
            "line": 22,
            "column": 24
          },
          "end": {
            "line": 22,
            "column": 27
          }
        },
        "loc": {
          "start": {
            "line": 22,
            "column": 30
          },
          "end": {
            "line": 201,
            "column": 1
          }
        },
        "line": 22
      },
      "2": {
        "name": "(anonymous_2)",
        "decl": {
          "start": {
            "line": 24,
            "column": 41
          },
          "end": {
            "line": 24,
            "column": 42
          }
        },
        "loc": {
          "start": {
            "line": 24,
            "column": 52
          },
          "end": {
            "line": 24,
            "column": 79
          }
        },
        "line": 24
      },
      "3": {
        "name": "(anonymous_3)",
        "decl": {
          "start": {
            "line": 34,
            "column": 19
          },
          "end": {
            "line": 34,
            "column": 20
          }
        },
        "loc": {
          "start": {
            "line": 34,
            "column": 29
          },
          "end": {
            "line": 58,
            "column": 3
          }
        },
        "line": 34
      },
      "4": {
        "name": "(anonymous_4)",
        "decl": {
          "start": {
            "line": 202,
            "column": 47
          },
          "end": {
            "line": 202,
            "column": 48
          }
        },
        "loc": {
          "start": {
            "line": 202,
            "column": 58
          },
          "end": {
            "line": 204,
            "column": 1
          }
        },
        "line": 202
      },
      "5": {
        "name": "(anonymous_5)",
        "decl": {
          "start": {
            "line": 214,
            "column": 9
          },
          "end": {
            "line": 214,
            "column": 10
          }
        },
        "loc": {
          "start": {
            "line": 214,
            "column": 29
          },
          "end": {
            "line": 223,
            "column": 3
          }
        },
        "line": 214
      },
      "6": {
        "name": "(anonymous_6)",
        "decl": {
          "start": {
            "line": 216,
            "column": 27
          },
          "end": {
            "line": 216,
            "column": 28
          }
        },
        "loc": {
          "start": {
            "line": 216,
            "column": 44
          },
          "end": {
            "line": 222,
            "column": 5
          }
        },
        "line": 216
      }
    },
    "branchMap": {
      "0": {
        "loc": {
          "start": {
            "line": 5,
            "column": 0
          },
          "end": {
            "line": 15,
            "column": 1
          }
        },
        "type": "if",
        "locations": [
          {
            "start": {
              "line": 5,
              "column": 0
            },
            "end": {
              "line": 15,
              "column": 1
            }
          },
          {
            "start": {},
            "end": {}
          }
        ],
        "line": 5
      },
      "1": {
        "loc": {
          "start": {
            "line": 6,
            "column": 2
          },
          "end": {
            "line": 8,
            "column": 3
          }
        },
        "type": "if",
        "locations": [
          {
            "start": {
              "line": 6,
              "column": 2
            },
            "end": {
              "line": 8,
              "column": 3
            }
          },
          {
            "start": {},
            "end": {}
          }
        ],
        "line": 6
      },
      "2": {
        "loc": {
          "start": {
            "line": 73,
            "column": 6
          },
          "end": {
            "line": 77,
            "column": 14
          }
        },
        "type": "binary-expr",
        "locations": [
          {
            "start": {
              "line": 73,
              "column": 6
            },
            "end": {
              "line": 73,
              "column": 18
            }
          },
          {
            "start": {
              "line": 73,
              "column": 38
            },
            "end": {
              "line": 77,
              "column": 14
            }
          }
        ],
        "line": 73
      },
      "3": {
        "loc": {
          "start": {
            "line": 87,
            "column": 6
          },
          "end": {
            "line": 91,
            "column": 14
          }
        },
        "type": "binary-expr",
        "locations": [
          {
            "start": {
              "line": 87,
              "column": 6
            },
            "end": {
              "line": 87,
              "column": 18
            }
          },
          {
            "start": {
              "line": 87,
              "column": 38
            },
            "end": {
              "line": 91,
              "column": 14
            }
          }
        ],
        "line": 87
      },
      "4": {
        "loc": {
          "start": {
            "line": 99,
            "column": 6
          },
          "end": {
            "line": 103,
            "column": 14
          }
        },
        "type": "binary-expr",
        "locations": [
          {
            "start": {
              "line": 99,
              "column": 6
            },
            "end": {
              "line": 99,
              "column": 17
            }
          },
          {
            "start": {
              "line": 99,
              "column": 37
            },
            "end": {
              "line": 103,
              "column": 14
            }
          }
        ],
        "line": 99
      },
      "5": {
        "loc": {
          "start": {
            "line": 111,
            "column": 6
          },
          "end": {
            "line": 115,
            "column": 14
          }
        },
        "type": "binary-expr",
        "locations": [
          {
            "start": {
              "line": 111,
              "column": 6
            },
            "end": {
              "line": 111,
              "column": 18
            }
          },
          {
            "start": {
              "line": 111,
              "column": 38
            },
            "end": {
              "line": 115,
              "column": 14
            }
          }
        ],
        "line": 111
      },
      "6": {
        "loc": {
          "start": {
            "line": 208,
            "column": 0
          },
          "end": {
            "line": 224,
            "column": 1
          }
        },
        "type": "if",
        "locations": [
          {
            "start": {
              "line": 208,
              "column": 0
            },
            "end": {
              "line": 224,
              "column": 1
            }
          },
          {
            "start": {},
            "end": {}
          }
        ],
        "line": 208
      },
      "7": {
        "loc": {
          "start": {
            "line": 217,
            "column": 6
          },
          "end": {
            "line": 218,
            "column": 15
          }
        },
        "type": "if",
        "locations": [
          {
            "start": {
              "line": 217,
              "column": 6
            },
            "end": {
              "line": 218,
              "column": 15
            }
          },
          {
            "start": {},
            "end": {}
          }
        ],
        "line": 217
      },
      "8": {
        "loc": {
          "start": {
            "line": 220,
            "column": 6
          },
          "end": {
            "line": 221,
            "column": 54
          }
        },
        "type": "if",
        "locations": [
          {
            "start": {
              "line": 220,
              "column": 6
            },
            "end": {
              "line": 221,
              "column": 54
            }
          },
          {
            "start": {},
            "end": {}
          }
        ],
        "line": 220
      }
    },
    "s": {
      "0": 28,
      "1": 28,
      "2": 0,
      "3": 28,
      "4": 28,
      "5": 28,
      "6": 28,
      "7": 28,
      "8": 28,
      "9": 16,
      "10": 16,
      "11": 24,
      "12": 16,
      "13": 16,
      "14": 16,
      "15": 4,
      "16": 4,
      "17": 4,
      "18": 16,
      "19": 28,
      "20": 8,
      "21": 28,
      "22": 28,
      "23": 28,
      "24": 28,
      "25": 28,
      "26": 28,
      "27": 7,
      "28": 7,
      "29": 0,
      "30": 0,
      "31": 0,
      "32": 0,
      "33": 0
    },
    "f": {
      "0": 28,
      "1": 16,
      "2": 24,
      "3": 4,
      "4": 8,
      "5": 7,
      "6": 0
    },
    "b": {
      "0": [
        28,
        0
      ],
      "1": [
        0,
        28
      ],
      "2": [
        16,
        0
      ],
      "3": [
        16,
        0
      ],
      "4": [
        16,
        0
      ],
      "5": [
        16,
        0
      ],
      "6": [
        28,
        0
      ],
      "7": [
        0,
        0
      ],
      "8": [
        0,
        0
      ]
    },
    "inputSourceMap": {
      "version": 3,
      "mappings": "AAyDM;;;;;;;;;;;;;;;;AAzDN,SAASA,eAA8B;AAEvC,OAAO;AACP,OAAOC,YAAY;AACnB,SAASC,sBAAsBC,4BAA4B;AAC3D,SAASC,WAAWC,kBAAkB;AAYtC,wBAAwBC,MAAM;AAAAC;AAC5B,QAAMC,YAAYL,qBAAsBM,WAAUA,MAAMC,YAAYF,SAAS;AAC7E,QAAMG,WAAWT,qBAAoB;AAErC,QAAM;AAAA,IACJU;AAAAA,IACAC;AAAAA,IACAC;AAAAA,IACAC,WAAW;AAAA,MAAEC;AAAAA,IAAO;AAAA,EACtB,IAAIhB,QAAe;AAEnB,QAAMiB,WAAmCC,UAAS;AAChDP,aACEN,WAAWc,aAAa;AAAA,MACtBX,WAAW,CAAC,GAAGA,WAAW;AAAA,QACxBY,IAAIZ,UAAUa,SAAS;AAAA,QACvBC,OAAOJ,KAAKI;AAAAA;AAAAA,QAEZC,KAAK;AAAA,QACLC,OAAO,KAAKN,KAAKM;AAAAA,QACjBC,MAAMP,KAAKO;AAAAA,QACXC,OAAOR,KAAKQ;AAAAA,QACZC,YAAYT,KAAKU;AAAAA,QACjBC,SAASX,KAAKY;AAAAA,MAChB,CAAC;AAAA,IACH,CAAC,CAAC;AAEJC,UAAM,kBAAkB;AACxBjB,UAAM;AAAA,MACJQ,OAAO;AAAA,MACPE,OAAO;AAAA,MACPC,MAAM;AAAA,MACNG,OAAO;AAAA,MACPE,OAAO;AAAA,MACPJ,OAAO;AAAA,MACPM,MAAM;AAAA,IACR,CAAC;AAAA,EACH;AACA,SACE,uBAAC,SACC;AAAA,2BAAC,YAAD;AAAA;AAAA;AAAA;AAAA,WAAO;AAAA,IACP,uBAAC,UAAK,WAAU,eAAc,UAAUnB,aAAaI,QAAQ,GAC3D;AAAA,6BAAC,WACC,IAAG,kBACH,cAAa,SACb,MAAK,UACL,GAAIL,SAAS,SAAS;AAAA,QAAEqB,UAAU;AAAA,MAAK,CAAC,KAJ1C;AAAA;AAAA;AAAA;AAAA,aAI4C;AAAA,MAE3CjB,OAAOM,SAAS,uBAAC,UAAK,sCAAN;AAAA;AAAA;AAAA;AAAA,aAA4B;AAAA,MAC7C,uBAAC,WACC,IAAG,oBACH,MAAK,UACL,GAAIV,SAAS,SAAS;AAAA,QAAEqB,UAAU;AAAA,QAAMC,KAAK;AAAA,QAAGC,KAAK;AAAA,MAAG,CAAC,KAH3D;AAAA;AAAA;AAAA;AAAA,aAG6D;AAAA,MAE5DnB,OAAOQ,SAAS,uBAAC,UAAK,mDAAN;AAAA;AAAA;AAAA;AAAA,aAAyC;AAAA,MAC1D,uBAAC,WAAM,IAAG,kBAAiB,MAAK,QAAO,GAAIZ,SAAS,QAAQ;AAAA,QAAEqB,UAAU;AAAA,MAAK,CAAC,KAA9E;AAAA;AAAA;AAAA;AAAA,aAAgF;AAAA,MAC/EjB,OAAOS,QAAQ,uBAAC,UAAK,sCAAN;AAAA;AAAA;AAAA;AAAA,aAA4B;AAAA,MAC5C,uBAAC,WAAM,MAAK,YAAW,GAAIb,SAAS,SAAS;AAAA,QAAEqB,UAAU;AAAA,MAAK,CAAC,KAA/D;AAAA;AAAA;AAAA;AAAA,aAAiE;AAAA,MAChEjB,OAAOY,SAAS,uBAAC,UAAK,sCAAN;AAAA;AAAA;AAAA;AAAA,aAA4B;AAAA,MAC7C,uBAAC,cAAS,WAAU,yBAClB;AAAA,+BAAC,WAAM,SAAQ,UACb;AAAA,iCAAC,WAAM,MAAK,SAAQ,IAAG,UAAS,OAAM,SAAQ,GAAIhB,SAAS,OAAO,GAAG,gBAAc,QAAnF;AAAA;AAAA;AAAA;AAAA,iBAAmF;AAAA,UAAG;AAAA,aADxF;AAAA;AAAA;AAAA;AAAA,eAGA;AAAA,QACA,uBAAC,WAAM,SAAQ,UACb;AAAA,iCAAC,WAAM,MAAK,SAAQ,IAAG,UAAS,OAAM,UAAS,GAAIA,SAAS,OAAO,KAAnE;AAAA;AAAA;AAAA;AAAA,iBAAqE;AAAA,UAAG;AAAA,aAD1E;AAAA;AAAA;AAAA;AAAA,eAGA;AAAA,QACA,uBAAC,WAAM,SAAQ,UACb;AAAA,iCAAC,WAAM,MAAK,SAAQ,IAAG,UAAS,OAAM,OAAM,GAAIA,SAAS,OAAO,KAAhE;AAAA;AAAA;AAAA;AAAA,iBAAkE;AAAA,UAAG;AAAA,aADvE;AAAA;AAAA;AAAA;AAAA,eAGA;AAAA,WAZF;AAAA;AAAA;AAAA;AAAA,aAaA;AAAA,MACA,uBAAC,YAAO,IAAG,eAAc,GAAIA,SAAS,OAAO,GAC3C;AAAA,+BAAC,YAAO,OAAM,OAAM,mBAApB;AAAA;AAAA;AAAA;AAAA,eAAuB;AAAA,QACvB,uBAAC,YAAO,OAAM,SAAQ,qBAAtB;AAAA;AAAA;AAAA;AAAA,eAA2B;AAAA,QAC3B,uBAAC,YAAO,OAAM,SAAQ,qBAAtB;AAAA;AAAA;AAAA;AAAA,eAA2B;AAAA,WAH7B;AAAA;AAAA;AAAA;AAAA,aAIA;AAAA,MACA,uBAAC,WAAM,MAAK,QAAO,GAAIA,SAAS,QAAQ;AAAA,QAAEqB,UAAU;AAAA,MAAK,CAAC,KAA1D;AAAA;AAAA;AAAA;AAAA,aAA4D;AAAA,MAC5D,uBAAC,WAAM,MAAK,YAAZ;AAAA;AAAA;AAAA;AAAA,aAAoB;AAAA,SAtCtB;AAAA;AAAA;AAAA;AAAA,WAuCA;AAAA,OAzCF;AAAA;AAAA;AAAA;AAAA,SA0CA;AAEJ;AAAC1B,GAnFuBD,KAAG;AAAA,UACPH,sBACDD,sBAObF,OAAO;AAAA;AAAAoC,KATW9B;AAAG;AAAA+B",
      "names": [
        "useForm",
        "Header",
        "useFullStateDispatch",
        "useFullStateSelector",
        "actions",
        "formAction",
        "App",
        "_s",
        "formCards",
        "state",
        "formReducer",
        "dispatch",
        "register",
        "handleSubmit",
        "reset",
        "formState",
        "errors",
        "onSubmit",
        "data",
        "setFormCards",
        "id",
        "length",
        "title",
        "img",
        "price",
        "date",
        "color",
        "isAvalible",
        "check",
        "boxSize",
        "radio",
        "alert",
        "file",
        "required",
        "min",
        "max",
        "_c",
        "$RefreshReg$"
      ],
      "sources": [
        "D:/dev/rsschool_react2023Q1/src/components/Form/Form.tsx"
      ],
      "file": "D:/dev/rsschool_react2023Q1/src/components/Form/Form.tsx"
    },
    "_coverageSchema": "1a1c01bbd47fc00a2c39e90264f33305004495a9",
    "hash": "6a9184917b414f427dc0f722e68ddf7c93204d52"
  },
  "D:/dev/rsschool_react2023Q1/src/Pages/FormPage/FormPage.tsx": {
    "path": "D:/dev/rsschool_react2023Q1/src/Pages/FormPage/FormPage.tsx",
    "statementMap": {
      "0": {
        "start": {
          "line": 5,
          "column": 0
        },
        "end": {
          "line": 15,
          "column": 1
        }
      },
      "1": {
        "start": {
          "line": 6,
          "column": 2
        },
        "end": {
          "line": 8,
          "column": 3
        }
      },
      "2": {
        "start": {
          "line": 7,
          "column": 4
        },
        "end": {
          "line": 7,
          "column": 165
        }
      },
      "3": {
        "start": {
          "line": 9,
          "column": 2
        },
        "end": {
          "line": 9,
          "column": 39
        }
      },
      "4": {
        "start": {
          "line": 10,
          "column": 2
        },
        "end": {
          "line": 10,
          "column": 39
        }
      },
      "5": {
        "start": {
          "line": 11,
          "column": 2
        },
        "end": {
          "line": 13,
          "column": 4
        }
      },
      "6": {
        "start": {
          "line": 12,
          "column": 4
        },
        "end": {
          "line": 12,
          "column": 103
        }
      },
      "7": {
        "start": {
          "line": 14,
          "column": 2
        },
        "end": {
          "line": 14,
          "column": 75
        }
      },
      "8": {
        "start": {
          "line": 19,
          "column": 17
        },
        "end": {
          "line": 36,
          "column": 1
        }
      },
      "9": {
        "start": {
          "line": 20,
          "column": 2
        },
        "end": {
          "line": 35,
          "column": 11
        }
      },
      "10": {
        "start": {
          "line": 37,
          "column": 0
        },
        "end": {
          "line": 37,
          "column": 14
        }
      },
      "11": {
        "start": {
          "line": 40,
          "column": 0
        },
        "end": {
          "line": 40,
          "column": 29
        }
      },
      "12": {
        "start": {
          "line": 41,
          "column": 0
        },
        "end": {
          "line": 57,
          "column": 1
        }
      },
      "13": {
        "start": {
          "line": 42,
          "column": 2
        },
        "end": {
          "line": 42,
          "column": 39
        }
      },
      "14": {
        "start": {
          "line": 43,
          "column": 2
        },
        "end": {
          "line": 43,
          "column": 39
        }
      },
      "15": {
        "start": {
          "line": 44,
          "column": 2
        },
        "end": {
          "line": 56,
          "column": 5
        }
      },
      "16": {
        "start": {
          "line": 48,
          "column": 4
        },
        "end": {
          "line": 48,
          "column": 129
        }
      },
      "17": {
        "start": {
          "line": 49,
          "column": 4
        },
        "end": {
          "line": 55,
          "column": 7
        }
      },
      "18": {
        "start": {
          "line": 50,
          "column": 6
        },
        "end": {
          "line": 51,
          "column": 15
        }
      },
      "19": {
        "start": {
          "line": 51,
          "column": 8
        },
        "end": {
          "line": 51,
          "column": 15
        }
      },
      "20": {
        "start": {
          "line": 52,
          "column": 32
        },
        "end": {
          "line": 52,
          "column": 115
        }
      },
      "21": {
        "start": {
          "line": 53,
          "column": 6
        },
        "end": {
          "line": 54,
          "column": 54
        }
      },
      "22": {
[...]
      "16": 11,
      "17": 11,
      "18": 0,
      "19": 0,
      "20": 0,
      "21": 0,
      "22": 0
    },
    "f": {
      "0": 28,
      "1": 26,
      "2": 11,
      "3": 0
    },
    "b": {
      "0": [
        28,
        0
      ],
      "1": [
        0,
        28
      ],
      "2": [
        28,
        0
      ],
      "3": [
        0,
        0
      ],
      "4": [
        0,
        0
      ]
    },
    "inputSourceMap": {
      "version": 3,
      "mappings": "AAMI,mBACE,cADF;AANJ,OAAOA,oBAAmB;AAAO;AAAA;AAAA;AAAA;AAAA;AAAA;AAAA;AAAA;AAAA;AAAA;AAAA;AAAA;AAAA;AACjC,SAASC,cAAc;AACvB,OAAOC,YAAY;AAEnB,MAAMC,SAAaA,MAAM;AACvB,SACE,mCACE;AAAA,2BAAC,YAAD;AAAA;AAAA;AAAA;AAAA,WAAO;AAAA,IACP,uBAAC,UAAK,WAAU,aACd,iCAAC,YAAD;AAAA;AAAA;AAAA;AAAA,WAAO,KADT;AAAA;AAAA;AAAA;AAAA,WAEA;AAAA,OAJF;AAAA;AAAA;AAAA;AAAA,SAKA;AAEJ;AAAEC,KATID;AAWN,eAAeA;AAAO;AAAAE",
      "names": [
        "React",
        "Outlet",
        "Header",
        "Layout",
        "_c",
        "$RefreshReg$"
      ],
      "sources": [
        "D:/dev/rsschool_react2023Q1/src/Pages/Layout.tsx"
      ],
      "file": "D:/dev/rsschool_react2023Q1/src/Pages/Layout.tsx"
    },
    "_coverageSchema": "1a1c01bbd47fc00a2c39e90264f33305004495a9",
    "hash": "11399b013d0e1c573d83387213800d35004c3ad0"
  },
  "D:/dev/rsschool_react2023Q1/src/App.tsx": {
    "path": "D:/dev/rsschool_react2023Q1/src/App.tsx",
    "statementMap": {
      "0": {
        "start": {
          "line": 5,
          "column": 0
        },
        "end": {
          "line": 15,
          "column": 1
        }
      },
      "1": {
        "start": {
          "line": 6,
          "column": 2
        },
        "end": {
          "line": 8,
          "column": 3
        }
      },
      "2": {
        "start": {
          "line": 7,
          "column": 4
        },
        "end": {
          "line": 7,
          "column": 165
        }
      },
      "3": {
        "start": {
          "line": 9,
          "column": 2
        },
        "end": {
          "line": 9,
          "column": 39
        }
      },
      "4": {
        "start": {
          "line": 10,
          "column": 2
        },
        "end": {
          "line": 10,
          "column": 39
        }
      },
      "5": {
        "start": {
          "line": 11,
          "column": 2
        },
        "end": {
          "line": 13,
          "column": 4
        }
      },
      "6": {
        "start": {
          "line": 12,
          "column": 4
        },
        "end": {
          "line": 12,
          "column": 83
        }
      },
      "7": {
        "start": {
          "line": 14,
          "column": 2
        },
        "end": {
          "line": 14,
          "column": 75
        }
      },
      "8": {
        "start": {
          "line": 23,
          "column": 2
        },
        "end": {
          "line": 78,
          "column": 11
        }
      },
      "9": {
        "start": {
          "line": 80,
          "column": 0
        },
        "end": {
          "line": 80,
          "column": 9
        }
      },
      "10": {
        "start": {
          "line": 83,
          "column": 0
        },
        "end": {
          "line": 83,
          "column": 24
        }
      },
      "11": {
        "start": {
          "line": 84,
          "column": 0
        },
        "end": {
          "line": 100,
          "column": 1
        }
      },
      "12": {
        "start": {
          "line": 85,
          "column": 2
        },
        "end": {
          "line": 85,
          "column": 39
        }
      },
      "13": {
        "start": {
          "line": 86,
          "column": 2
        },
        "end": {
          "line": 86,
          "column": 39
        }
      },
      "14": {
        "start": {
          "line": 87,
          "column": 2
        },
        "end": {
          "line": 99,
          "column": 5
        }
      },
      "15": {
        "start": {
          "line": 91,
          "column": 4
        },
        "end": {
          "line": 91,
          "column": 109
        }
      },
      "16": {
        "start": {
          "line": 92,
          "column": 4
        },
        "end": {
          "line": 98,
          "column": 7
        }
      },
      "17": {
        "start": {
          "line": 93,
          "column": 6
        },
        "end": {
          "line": 94,
          "column": 15
        }
      },
      "18": {
        "start": {
          "line": 94,
          "column": 8
        },
        "end": {
          "line": 94,
          "column": 15
        }
      },
      "19": {
        "start": {
          "line": 95,
          "column": 32
        },
        "end": {
          "line": 95,
          "column": 115
        }
      },
      "20": {
        "start": {
          "line": 96,
          "column": 6
        },
        "end": {
          "line": 97,
          "column": 54
        }
      },
      "21": {
        "start": {
          "line": 97,
          "column": 8
        },
        "end": {
          "line": 97,
          "column": 54
        }
      }
    },
    "fnMap": {
      "0": {
        "name": "(anonymous_0)",
        "decl": {
          "start": {
            "line": 11,
            "column": 24
          },
          "end": {
            "line": 11,
            "column": 25
          }
        },
        "loc": {
          "start": {
            "line": 11,
            "column": 38
          },
          "end": {
            "line": 13,
            "column": 3
          }
        },
        "line": 11
      },
      "1": {
        "name": "App",
        "decl": {
          "start": {
            "line": 22,
            "column": 9
          },
          "end": {
            "line": 22,
            "column": 12
          }
        },
        "loc": {
          "start": {
            "line": 22,
            "column": 15
          },
          "end": {
            "line": 79,
            "column": 1
          }
        },
        "line": 22
      },
      "2": {
        "name": "(anonymous_2)",
        "decl": {
          "start": {
            "line": 90,
            "column": 9
          },
          "end": {
            "line": 90,
            "column": 10
          }
        },
        "loc": {
          "start": {
            "line": 90,
            "column": 29
          },
          "end": {
            "line": 99,
            "column": 3
          }
        },
        "line": 90
      },
      "3": {
        "name": "(anonymous_3)",
        "decl": {
          "start": {
            "line": 92,
            "column": 27
          },
          "end": {
            "line": 92,
            "column": 28
          }
        },
        "loc": {
          "start": {
            "line": 92,
            "column": 44
          },
          "end": {
            "line": 98,
            "column": 5
          }
        },
        "line": 92
      }
    },
    "branchMap": {
      "0": {
        "loc": {
          "start": {
            "line": 5,
            "column": 0
          },
          "end": {
            "line": 15,
            "column": 1
          }
        },
        "type": "if",
        "locations": [
          {
            "start": {
              "line": 5,
              "column": 0
            },
            "end": {
              "line": 15,
              "column": 1
            }
          },
          {
            "start": {},
            "end": {}
          }
        ],
        "line": 5
      },
      "1": {
        "loc": {
          "start": {
            "line": 6,
            "column": 2
          },
          "end": {
            "line": 8,
            "column": 3
          }
        },
        "type": "if",
        "locations": [
          {
            "start": {
              "line": 6,
              "column": 2
            },
            "end": {
              "line": 8,
              "column": 3
            }
          },
          {
            "start": {},
            "end": {}
          }
        ],
        "line": 6
      },
      "2": {
        "loc": {
          "start": {
            "line": 84,
            "column": 0
          },
          "end": {
            "line": 100,
            "column": 1
          }
        },
        "type": "if",
        "locations": [
          {
            "start": {
              "line": 84,
              "column": 0
            },
            "end": {
              "line": 100,
              "column": 1
            }
          },
          {
            "start": {},
            "end": {}
          }
        ],
        "line": 84
      },
      "3": {
        "loc": {
          "start": {
            "line": 93,
            "column": 6
          },
          "end": {
            "line": 94,
            "column": 15
          }
        },
        "type": "if",
        "locations": [
          {
            "start": {
              "line": 93,
              "column": 6
            },
            "end": {
              "line": 94,
              "column": 15
            }
          },
          {
            "start": {},
            "end": {}
          }
        ],
        "line": 93
      },
      "4": {
        "loc": {
          "start": {
            "line": 96,
            "column": 6
          },
          "end": {
            "line": 97,
            "column": 54
          }
        },
        "type": "if",
        "locations": [
          {
            "start": {
              "line": 96,
              "column": 6
            },
            "end": {
              "line": 97,
              "column": 54
            }
          },
          {
            "start": {},
            "end": {}
          }
        ],
        "line": 96
      }
    },
    "s": {
      "0": 28,
      "1": 28,
      "2": 0,
      "3": 28,
      "4": 28,
      "5": 28,
      "6": 28,
      "7": 28,
      "8": 28,
      "9": 28,
      "10": 28,
      "11": 28,
      "12": 28,
      "13": 28,
      "14": 28,
      "15": 7,
      "16": 7,
      "17": 0,
      "18": 0,
      "19": 0,
      "20": 0,
      "21": 0
    },
    "f": {
      "0": 28,
      "1": 28,
      "2": 7,
      "3": 0
    },
    "b": {
      "0": [
        28,
        0
      ],
      "1": [
        0,
        28
      ],
      "2": [
        28,
        0
      ],
      "3": [
        0,
        0
      ],
      "4": [
        0,
        0
      ]
    },
    "inputSourceMap": {
      "version": 3,
      "mappings": "AAYiC;AAZjC,2BAAsB;AAAQ,IAAkB;AAAA;AAAA;AAAA;AAAA;AAAA;AAAA;AAAA;AAAA;AAAA;AAAA;AAAA;AAAA;AAAA;AAEhD,OAAOA,aAAa;AACpB,OAAOC,cAAc;AACrB,OAAOC,iBAAiB;AACxB,OAAOC,cAAc;AACrB,OAAOC,YAAY;AAEnB,SAASC,MAAM;AACb,SACG,uBAAC,SACC,iCAAC,UACA;AAAA,2BAAC,SAAM,MAAK,KAAI,SAAS,uBAAC,YAAD;AAAA;AAAA;AAAA;AAAA,WAAO,GAC9B;AAAA,6BAAC,SAAM,IAAG,aAAY,OAAK,MAAC,SAAS,uBAAC,cAAD;AAAA;AAAA;AAAA;AAAA,aAAS,KAA9C;AAAA;AAAA;AAAA;AAAA,aAAkD;AAAA,MAClD,uBAAC,SAAM,MAAK,YAAW,SAAS,uBAAC,aAAD;AAAA;AAAA;AAAA;AAAA,aAAQ,KAAxC;AAAA;AAAA;AAAA;AAAA,aAA4C;AAAA,MAC5C,uBAAC,SAAM,MAAK,SAAQ,SAAS,uBAAC,cAAD;AAAA;AAAA;AAAA;AAAA,aAAS,KAAtC;AAAA;AAAA;AAAA;AAAA,aAA0C;AAAA,SAH5C;AAAA;AAAA;AAAA;AAAA,WAIA;AAAA,IACA,uBAAC,SAAM,MAAK,KAAI,SAAS,uBAAC,iBAAD;AAAA;AAAA;AAAA;AAAA,WAAY,KAArC;AAAA;AAAA;AAAA;AAAA,WAAyC;AAAA,OAN1C;AAAA;AAAA;AAAA;AAAA,SAOD,KARD;AAAA;AAAA;AAAA;AAAA,SASC;AAEN;AAACC,KAbQD;AAeT,eAAeA;AAAG;AAAAE",
      "names": [
        "AboutUs",
        "FormPage",
        "NotFound404",
        "MainPage",
        "Layout",
        "App",
        "_c",
        "$RefreshReg$"
      ],
      "sources": [
        "D:/dev/rsschool_react2023Q1/src/App.tsx"
      ],
      "file": "D:/dev/rsschool_react2023Q1/src/App.tsx"
    },
    "_coverageSchema": "1a1c01bbd47fc00a2c39e90264f33305004495a9",
    "hash": "54cdffe0fc292a5c7e4957c00de36d9a851e06b2"
  },
  "D:/dev/rsschool_react2023Q1/src/server-client.tsx": {
    "path": "D:/dev/rsschool_react2023Q1/src/server-client.tsx",
    "statementMap": {
      "0": {
        "start": {
          "line": 7,
          "column": 21
        },
        "end": {
          "line": 21,
          "column": 1
        }
      },
      "1": {
        "start": {
          "line": 8,
          "column": 2
        },
        "end": {
          "line": 20,
          "column": 12
        }
      },
      "2": {
        "start": {
          "line": 22,
          "column": 0
        },
        "end": {
          "line": 22,
          "column": 15
        }
      }
    },
    "fnMap": {
      "0": {
        "name": "(anonymous_0)",
        "decl": {
          "start": {
            "line": 7,
            "column": 21
          },
          "end": {
            "line": 7,
            "column": 22
          }
        },
        "loc": {
          "start": {
            "line": 7,
            "column": 27
          },
          "end": {
            "line": 21,
            "column": 1
          }
        },
        "line": 7
      }
    },
    "branchMap": {},
    "s": {
      "0": 28,
      "1": 28,
      "2": 28
    },
    "f": {
      "0": 28
    },
    "b": {},
    "inputSourceMap": {
      "version": 3,
      "mappings": "AAYU;AAZV,OAAOA,cAAc;AACrB,OAAOC,SAAS;AAEhB,SAASC,qBAAqB;AAC9B,SAASC,gBAAgB;AACzB,SAASC,aAAa;AAEtB,MAAMC,eAAeA,MAAM;AACzBL,WAASM,YACPC,SAASC,eAAe,MAAM,GAC9B,uBAAC,YAAS,OACR,iCAAC,iBACG,iCAAC,SAAD;AAAA;AAAA;AAAA;AAAA,SAAI,KADR;AAAA;AAAA;AAAA;AAAA,SAEA,KAHF;AAAA;AAAA;AAAA;AAAA,SAIA,CAAW;AAEf;AAEAH,aAAY",
      "names": [
        "ReactDOM",
        "App",
        "BrowserRouter",
        "Provider",
        "store",
        "serverClient",
        "hydrateRoot",
        "document",
        "getElementById"
      ],
      "sources": [
        "D:/dev/rsschool_react2023Q1/src/server-client.tsx"
      ],
      "file": "D:/dev/rsschool_react2023Q1/src/server-client.tsx"
    },
    "_coverageSchema": "1a1c01bbd47fc00a2c39e90264f33305004495a9",
    "hash": "f9a71ad929ca57c9d059d23c03131f8ba9e962dd"
  },
  "D:/dev/rsschool_react2023Q1/cypress.config.ts": {
    "path": "D:/dev/rsschool_react2023Q1/cypress.config.ts",
    "statementMap": {},
    "fnMap": {},
    "branchMap": {},
    "s": {},
    "f": {},
    "b": {}
  },
  "D:/dev/rsschool_react2023Q1/server.ts": {
    "path": "D:/dev/rsschool_react2023Q1/server.ts",
    "statementMap": {},
    "fnMap": {},
    "branchMap": {},
    "s": {},
    "f": {},
    "b": {}
  },
  "D:/dev/rsschool_react2023Q1/vite.config.ts": {
    "path": "D:/dev/rsschool_react2023Q1/vite.config.ts",
    "statementMap": {},
    "fnMap": {},
    "branchMap": {},
    "s": {},
    "f": {},
    "b": {}
  },
  "D:/dev/rsschool_react2023Q1/cypress/e2e/aboutPage.cy.ts": {
    "path": "D:/dev/rsschool_react2023Q1/cypress/e2e/aboutPage.cy.ts",
    "statementMap": {},
    "fnMap": {},
    "branchMap": {},
    "s": {},
    "f": {},
    "b": {}
  },
  "D:/dev/rsschool_react2023Q1/cypress/e2e/bigCard.cy.ts": {
    "path": "D:/dev/rsschool_react2023Q1/cypress/e2e/bigCard.cy.ts",
    "statementMap": {},
    "fnMap": {},
    "branchMap": {},
    "s": {},
    "f": {},
    "b": {}
  },
  "D:/dev/rsschool_react2023Q1/cypress/e2e/formPage.cy.ts": {
    "path": "D:/dev/rsschool_react2023Q1/cypress/e2e/formPage.cy.ts",
    "statementMap": {},
    "fnMap": {},
    "branchMap": {},
    "s": {},
    "f": {},
    "b": {}
  },
  "D:/dev/rsschool_react2023Q1/cypress/e2e/mainPage.cy.ts": {
    "path": "D:/dev/rsschool_react2023Q1/cypress/e2e/mainPage.cy.ts",
    "statementMap": {},
    "fnMap": {},
    "branchMap": {},
    "s": {},
    "f": {},
    "b": {}
  },
  "D:/dev/rsschool_react2023Q1/cypress/e2e/notFoundPage.cy.ts": {
    "path": "D:/dev/rsschool_react2023Q1/cypress/e2e/notFoundPage.cy.ts",
    "statementMap": {},
    "fnMap": {},
    "branchMap": {},
    "s": {},
    "f": {},
    "b": {}
  },
  "D:/dev/rsschool_react2023Q1/cypress/e2e/searchBar.cy.ts": {
    "path": "D:/dev/rsschool_react2023Q1/cypress/e2e/searchBar.cy.ts",
    "statementMap": {},
    "fnMap": {},
    "branchMap": {},
    "s": {},
    "f": {},
    "b": {}
  },
  "D:/dev/rsschool_react2023Q1/cypress/support/commands.ts": {
    "path": "D:/dev/rsschool_react2023Q1/cypress/support/commands.ts",
    "statementMap": {},
    "fnMap": {},
    "branchMap": {},
    "s": {},
    "f": {},
    "b": {}
  },
  "D:/dev/rsschool_react2023Q1/cypress/support/e2e.ts": {
    "path": "D:/dev/rsschool_react2023Q1/cypress/support/e2e.ts",
    "statementMap": {},
    "fnMap": {},
    "branchMap": {},
    "s": {},
    "f": {},
    "b": {}
  },
  "D:/dev/rsschool_react2023Q1/src/redux/InitStore.ts": {
    "path": "D:/dev/rsschool_react2023Q1/src/redux/InitStore.ts",
    "statementMap": {},
    "fnMap": {},
    "branchMap": {},
    "s": {},
    "f": {},
    "b": {}
  },
  "D:/dev/rsschool_react2023Q1/src/redux/reducers/apiReducer.ts": {
    "path": "D:/dev/rsschool_react2023Q1/src/redux/reducers/apiReducer.ts",
    "statementMap": {},
    "fnMap": {},
    "branchMap": {},
    "s": {},
    "f": {},
    "b": {}
  },
  "D:/dev/rsschool_react2023Q1/src/main.tsx": {
    "path": "D:/dev/rsschool_react2023Q1/src/main.tsx",
    "statementMap": {},
    "fnMap": {},
    "branchMap": {},
    "s": {},
    "f": {},
    "b": {}
  },
  "D:/dev/rsschool_react2023Q1/src/server-server.tsx": {
    "path": "D:/dev/rsschool_react2023Q1/src/server-server.tsx",
    "statementMap": {},
    "fnMap": {},
    "branchMap": {},
    "s": {},
    "f": {},
    "b": {}
  },
  "D:/dev/rsschool_react2023Q1/src/components/BigCard/BigCard.test.tsx": {
    "path": "D:/dev/rsschool_react2023Q1/src/components/BigCard/BigCard.test.tsx",
    "statementMap": {},
    "fnMap": {},
    "branchMap": {},
    "s": {},
    "f": {},
    "b": {}
  },
  "D:/dev/rsschool_react2023Q1/src/components/Card/Card.test.tsx": {
    "path": "D:/dev/rsschool_react2023Q1/src/components/Card/Card.test.tsx",
    "statementMap": {},
    "fnMap": {},
    "branchMap": {},
    "s": {},
    "f": {},
    "b": {}
  },
  "D:/dev/rsschool_react2023Q1/src/components/CardList/CardList.test.tsx": {
    "path": "D:/dev/rsschool_react2023Q1/src/components/CardList/CardList.test.tsx",
    "statementMap": {},
    "fnMap": {},
    "branchMap": {},
    "s": {},
    "f": {},
    "b": {}
  },
  "D:/dev/rsschool_react2023Q1/src/components/Form/Form.test.tsx": {
    "path": "D:/dev/rsschool_react2023Q1/src/components/Form/Form.test.tsx",
    "statementMap": {},
    "fnMap": {},
    "branchMap": {},
    "s": {},
    "f": {},
    "b": {}
  },
  "D:/dev/rsschool_react2023Q1/src/components/Header/Header.test.tsx": {
    "path": "D:/dev/rsschool_react2023Q1/src/components/Header/Header.test.tsx",
    "statementMap": {},
    "fnMap": {},
    "branchMap": {},
    "s": {},
    "f": {},
    "b": {}
  },
  "D:/dev/rsschool_react2023Q1/src/components/SearchBar/SearchBar.test.tsx": {
    "path": "D:/dev/rsschool_react2023Q1/src/components/SearchBar/SearchBar.test.tsx",
    "statementMap": {},
    "fnMap": {},
    "branchMap": {},
    "s": {},
    "f": {},
    "b": {}
  },
  "D:/dev/rsschool_react2023Q1/src/Pages/AboutUs/AboutUs.test.tsx": {
    "path": "D:/dev/rsschool_react2023Q1/src/Pages/AboutUs/AboutUs.test.tsx",
    "statementMap": {},
    "fnMap": {},
    "branchMap": {},
    "s": {},
    "f": {},
    "b": {}
  },
  "D:/dev/rsschool_react2023Q1/src/Pages/FormPage/FormPage.test.tsx": {
    "path": "D:/dev/rsschool_react2023Q1/src/Pages/FormPage/FormPage.test.tsx",
    "statementMap": {},
    "fnMap": {},
    "branchMap": {},
    "s": {},
    "f": {},
    "b": {}
  },
  "D:/dev/rsschool_react2023Q1/src/Pages/MainPage/MainPage.test.tsx": {
    "path": "D:/dev/rsschool_react2023Q1/src/Pages/MainPage/MainPage.test.tsx",
    "statementMap": {},
    "fnMap": {},
    "branchMap": {},
    "s": {},
    "f": {},
    "b": {}
  },
  "D:/dev/rsschool_react2023Q1/src/Pages/NotFound404/NotFound404.test.tsx": {
    "path": "D:/dev/rsschool_react2023Q1/src/Pages/NotFound404/NotFound404.test.tsx",
    "statementMap": {},
    "fnMap": {},
    "branchMap": {},
    "s": {},
    "f": {},
    "b": {}
  }
}
